<?xml version="1.0" encoding="UTF-8"?>
<!-- Generated by org.testng.reporters.JUnitXMLReporter -->
<testsuite hostname="LufroxGaming" ignored="0" name="Default test" tests="2" failures="0" timestamp="23 Oct 2022 06:30:11 GMT" time="0.056" errors="0">
  <testcase name="getCountOfForeignPlayersCount" time="0.01" classname="com.testvagrant.testcases.TestCases"/>
  <testcase name="getCountOfWicketKeeperPlayers" time="0.002" classname="com.testvagrant.testcases.TestCases"/>
</testsuite> <!-- Default test -->
