<?xml version="1.0" encoding="UTF-8"?>
<testng-results skipped="0" failed="0" ignored="0" total="2" passed="2">
  <reporter-output>
  </reporter-output>
  <suite name="Default suite" duration-ms="56" started-at="2022-10-23T06:30:11Z" finished-at="2022-10-23T06:30:11Z">
    <groups>
    </groups>
    <test name="Default test" duration-ms="56" started-at="2022-10-23T06:30:11Z" finished-at="2022-10-23T06:30:11Z">
      <class name="com.testvagrant.testcases.TestCases">
        <test-method status="PASS" signature="beforeTest()[pri:0, instance:com.testvagrant.testcases.TestCases@224edc67]" name="beforeTest" is-config="true" duration-ms="20" started-at="2022-10-23T06:30:11Z" finished-at="2022-10-23T06:30:11Z">
          <reporter-output>
          </reporter-output>
        </test-method> <!-- beforeTest -->
        <test-method status="PASS" signature="getCountOfForeignPlayersCount()[pri:1, instance:com.testvagrant.testcases.TestCases@224edc67]" name="getCountOfForeignPlayersCount" duration-ms="10" started-at="2022-10-23T06:30:11Z" finished-at="2022-10-23T06:30:11Z">
          <reporter-output>
          </reporter-output>
        </test-method> <!-- getCountOfForeignPlayersCount -->
        <test-method status="PASS" signature="getCountOfWicketKeeperPlayers()[pri:2, instance:com.testvagrant.testcases.TestCases@224edc67]" name="getCountOfWicketKeeperPlayers" duration-ms="2" started-at="2022-10-23T06:30:11Z" finished-at="2022-10-23T06:30:11Z">
          <reporter-output>
          </reporter-output>
        </test-method> <!-- getCountOfWicketKeeperPlayers -->
      </class> <!-- com.testvagrant.testcases.TestCases -->
    </test> <!-- Default test -->
  </suite> <!-- Default suite -->
</testng-results>
